<!doctype html>
<html lang="en"><head><meta charSet="utf-8"/><meta http-equiv="X-UA-Compatible" content="IE=edge"/><meta name="viewport" content="width=device-width, initial-scale=1"/><title>Mochawesome Report</title><link rel="stylesheet" href="assets\app.css"/></head><body data-raw="{&quot;stats&quot;:{&quot;suites&quot;:6,&quot;tests&quot;:34,&quot;passes&quot;:16,&quot;pending&quot;:0,&quot;failures&quot;:18,&quot;start&quot;:&quot;2021-02-06T13:31:48.788Z&quot;,&quot;end&quot;:&quot;2021-02-07T10:07:00.456Z&quot;,&quot;duration&quot;:186700,&quot;testsRegistered&quot;:34,&quot;passPercent&quot;:47.05882352941177,&quot;pendingPercent&quot;:0,&quot;other&quot;:0,&quot;hasOther&quot;:false,&quot;skipped&quot;:0,&quot;hasSkipped&quot;:false},&quot;results&quot;:[{&quot;uuid&quot;:&quot;0a0f70c0-ce26-4851-85cb-604245c6d130&quot;,&quot;title&quot;:&quot;&quot;,&quot;fullFile&quot;:&quot;cypress\\integration\\test_spec.js&quot;,&quot;file&quot;:&quot;cypress\\integration\\test_spec.js&quot;,&quot;beforeHooks&quot;:[],&quot;afterHooks&quot;:[],&quot;tests&quot;:[{&quot;title&quot;:&quot;An uncaught error was detected outside of a test&quot;,&quot;fullTitle&quot;:&quot;An uncaught error was detected outside of a test&quot;,&quot;timedOut&quot;:null,&quot;duration&quot;:651,&quot;state&quot;:&quot;failed&quot;,&quot;speed&quot;:null,&quot;pass&quot;:false,&quot;fail&quot;:true,&quot;pending&quot;:false,&quot;context&quot;:&quot;{\n  \&quot;title\&quot;: \&quot;Failed screenshot\&quot;,\n  \&quot;value\&quot;: \&quot;screenshots\\\\test_spec.js\\\\An uncaught error was detected outside of a test (failed).png\&quot;\n}&quot;,&quot;code&quot;:&quot;throw err;&quot;,&quot;err&quot;:{&quot;message&quot;:&quot;TypeError: The following error originated from your test code, not from Cypress.\n\n  &gt; _login_page.LoginPage is not a constructor\n\nWhen Cypress detects uncaught errors originating from your test code it will automatically fail the current test.\n\nCypress could not associate this error to any specific test.\n\nWe dynamically generated a new test to display this failure.&quot;,&quot;estack&quot;:&quot;TypeError: The following error originated from your test code, not from Cypress.\n\n  &gt; _login_page.LoginPage is not a constructor\n\nWhen Cypress detects uncaught errors originating from your test code it will automatically fail the current test.\n\nCypress could not associate this error to any specific test.\n\nWe dynamically generated a new test to display this failure.\n    at Suite.eval (http://localhost:56013/__cypress/tests?p=cypress\\integration\\test_spec.js:165:19)\n    at Object../cypress/integration/test_spec.js (http://localhost:56013/__cypress/tests?p=cypress\\integration\\test_spec.js:164:1)\n    at __webpack_require__ (http://localhost:56013/__cypress/tests?p=cypress\\integration\\test_spec.js:20:30)\n    at Object.0 (http://localhost:56013/__cypress/tests?p=cypress\\integration\\test_spec.js:326:18)\n    at __webpack_require__ (http://localhost:56013/__cypress/tests?p=cypress\\integration\\test_spec.js:20:30)\n    at eval (http://localhost:56013/__cypress/tests?p=cypress\\integration\\test_spec.js:84:18)\n    at eval (http://localhost:56013/__cypress/tests?p=cypress\\integration\\test_spec.js:87:10)\n    at eval (&lt;anonymous&gt;)&quot;,&quot;diff&quot;:null},&quot;uuid&quot;:&quot;695b3ee6-c791-44f2-9a49-259288ce8193&quot;,&quot;parentUUID&quot;:&quot;0a0f70c0-ce26-4851-85cb-604245c6d130&quot;,&quot;isHook&quot;:false,&quot;skipped&quot;:false}],&quot;suites&quot;:[],&quot;passes&quot;:[],&quot;failures&quot;:[&quot;695b3ee6-c791-44f2-9a49-259288ce8193&quot;],&quot;pending&quot;:[],&quot;skipped&quot;:[],&quot;duration&quot;:651,&quot;root&quot;:true,&quot;rootEmpty&quot;:false,&quot;_timeout&quot;:2000},{&quot;uuid&quot;:&quot;ed6fb443-3c10-4316-a2c8-ad6be5da2c38&quot;,&quot;title&quot;:&quot;&quot;,&quot;fullFile&quot;:&quot;cypress\\integration\\test.spec.js&quot;,&quot;file&quot;:&quot;cypress\\integration\\test.spec.js&quot;,&quot;beforeHooks&quot;:[],&quot;afterHooks&quot;:[],&quot;tests&quot;:[{&quot;title&quot;:&quot;An uncaught error was detected outside of a test&quot;,&quot;fullTitle&quot;:&quot;An uncaught error was detected outside of a test&quot;,&quot;timedOut&quot;:null,&quot;duration&quot;:628,&quot;state&quot;:&quot;failed&quot;,&quot;speed&quot;:null,&quot;pass&quot;:false,&quot;fail&quot;:true,&quot;pending&quot;:false,&quot;context&quot;:&quot;{\n  \&quot;title\&quot;: \&quot;Failed screenshot\&quot;,\n  \&quot;value\&quot;: \&quot;screenshots\\\\test.spec.js\\\\An uncaught error was detected outside of a test (failed).png\&quot;\n}&quot;,&quot;code&quot;:&quot;throw err;&quot;,&quot;err&quot;:{&quot;message&quot;:&quot;TypeError: The following error originated from your test code, not from Cypress.\n\n  &gt; _login.LoginPage is not a constructor\n\nWhen Cypress detects uncaught errors originating from your test code it will automatically fail the current test.\n\nCypress could not associate this error to any specific test.\n\nWe dynamically generated a new test to display this failure.&quot;,&quot;estack&quot;:&quot;TypeError: The following error originated from your test code, not from Cypress.\n\n  &gt; _login.LoginPage is not a constructor\n\nWhen Cypress detects uncaught errors originating from your test code it will automatically fail the current test.\n\nCypress could not associate this error to any specific test.\n\nWe dynamically generated a new test to display this failure.\n    at Suite.eval (http://localhost:56069/__cypress/tests?p=cypress\\integration\\test.spec.js:165:19)\n    at Object../cypress/integration/test.spec.js (http://localhost:56069/__cypress/tests?p=cypress\\integration\\test.spec.js:164:1)\n    at __webpack_require__ (http://localhost:56069/__cypress/tests?p=cypress\\integration\\test.spec.js:20:30)\n    at Object.0 (http://localhost:56069/__cypress/tests?p=cypress\\integration\\test.spec.js:326:18)\n    at __webpack_require__ (http://localhost:56069/__cypress/tests?p=cypress\\integration\\test.spec.js:20:30)\n    at eval (http://localhost:56069/__cypress/tests?p=cypress\\integration\\test.spec.js:84:18)\n    at eval (http://localhost:56069/__cypress/tests?p=cypress\\integration\\test.spec.js:87:10)\n    at eval (&lt;anonymous&gt;)&quot;,&quot;diff&quot;:null},&quot;uuid&quot;:&quot;c962952c-7542-44c4-a220-3024f92ebee0&quot;,&quot;parentUUID&quot;:&quot;ed6fb443-3c10-4316-a2c8-ad6be5da2c38&quot;,&quot;isHook&quot;:false,&quot;skipped&quot;:false}],&quot;suites&quot;:[],&quot;passes&quot;:[],&quot;failures&quot;:[&quot;c962952c-7542-44c4-a220-3024f92ebee0&quot;],&quot;pending&quot;:[],&quot;skipped&quot;:[],&quot;duration&quot;:628,&quot;root&quot;:true,&quot;rootEmpty&quot;:false,&quot;_timeout&quot;:2000},{&quot;uuid&quot;:&quot;31e99355-b153-4731-9fa1-fd8d8425429c&quot;,&quot;title&quot;:&quot;&quot;,&quot;fullFile&quot;:&quot;cypress\\integration\\test.spec.js&quot;,&quot;file&quot;:&quot;cypress\\integration\\test.spec.js&quot;,&quot;beforeHooks&quot;:[],&quot;afterHooks&quot;:[],&quot;tests&quot;:[],&quot;suites&quot;:[{&quot;uuid&quot;:&quot;11ee0080-20b9-4d8d-af96-c7fb6491d9db&quot;,&quot;title&quot;:&quot;login user&quot;,&quot;fullFile&quot;:&quot;&quot;,&quot;file&quot;:&quot;&quot;,&quot;beforeHooks&quot;:[],&quot;afterHooks&quot;:[],&quot;tests&quot;:[{&quot;title&quot;:&quot;should login the app with valid credentials&quot;,&quot;fullTitle&quot;:&quot;login user should login the app with valid credentials&quot;,&quot;timedOut&quot;:null,&quot;duration&quot;:18030,&quot;state&quot;:&quot;failed&quot;,&quot;speed&quot;:null,&quot;pass&quot;:false,&quot;fail&quot;:true,&quot;pending&quot;:false,&quot;context&quot;:&quot;{\n  \&quot;title\&quot;: \&quot;Failed screenshot\&quot;,\n  \&quot;value\&quot;: \&quot;screenshots\\\\test.spec.js\\\\login user -- should login the app with valid credentials (failed).png\&quot;\n}&quot;,&quot;code&quot;:&quot;loginPage.fillUsername(_credentials.env.user.username);\nloginPage.fillPassword(_credentials.env.user.password);\nloginPage.submit();\ncy.location(&#x27;pathname&#x27;, {\n  timeout: 2000\n}).should(&#x27;eq&#x27;, &#x27;/&#x27;); // set the right location\ncy.title().should(&#x27;eq&#x27;, &#x27;Home&#x27;);&quot;,&quot;err&quot;:{&quot;message&quot;:&quot;AssertionError: Timed out retrying after 2000ms: expected &#x27;/qa-portal/registerlogin/registerlogin.php&#x27; to equal &#x27;/&#x27;&quot;,&quot;estack&quot;:&quot;AssertionError: Timed out retrying after 2000ms: expected &#x27;/qa-portal/registerlogin/registerlogin.php&#x27; to equal &#x27;/&#x27;\n    at Context.eval (https://www.pecodesoftware.com/__cypress/tests?p=cypress\\integration\\test.spec.js:177:8)&quot;,&quot;diff&quot;:&quot;- &#x27;/qa-portal/registerlogin/registerlogin.php&#x27;\n+ &#x27;/&#x27;\n&quot;},&quot;uuid&quot;:&quot;9b55875e-7349-4636-8d31-60ac9b0fe461&quot;,&quot;parentUUID&quot;:&quot;11ee0080-20b9-4d8d-af96-c7fb6491d9db&quot;,&quot;isHook&quot;:false,&quot;skipped&quot;:false},{&quot;title&quot;:&quot;should navigate to the next field after pressing tab&quot;,&quot;fullTitle&quot;:&quot;login user should navigate to the next field after pressing tab&quot;,&quot;timedOut&quot;:null,&quot;duration&quot;:2656,&quot;state&quot;:&quot;passed&quot;,&quot;speed&quot;:&quot;slow&quot;,&quot;pass&quot;:true,&quot;fail&quot;:false,&quot;pending&quot;:false,&quot;context&quot;:null,&quot;code&quot;:&quot;loginPage.fillUsername(_credentials.env.user.username);\nloginPage.usernameElement.tab();\nloginPage.passwordElement.should(&#x27;have.focus&#x27;);&quot;,&quot;err&quot;:{},&quot;uuid&quot;:&quot;134a6bfc-455e-4e3e-ba9b-08bc78033b2a&quot;,&quot;parentUUID&quot;:&quot;11ee0080-20b9-4d8d-af96-c7fb6491d9db&quot;,&quot;isHook&quot;:false,&quot;skipped&quot;:false},{&quot;title&quot;:&quot;should login the app with valid credentials and after pressing enter&quot;,&quot;fullTitle&quot;:&quot;login user should login the app with valid credentials and after pressing enter&quot;,&quot;timedOut&quot;:null,&quot;duration&quot;:4113,&quot;state&quot;:&quot;failed&quot;,&quot;speed&quot;:null,&quot;pass&quot;:false,&quot;fail&quot;:true,&quot;pending&quot;:false,&quot;context&quot;:&quot;{\n  \&quot;title\&quot;: \&quot;Failed screenshot\&quot;,\n  \&quot;value\&quot;: \&quot;screenshots\\\\test.spec.js\\\\login user -- should login the app with valid credentials and after pressing enter (failed).png\&quot;\n}&quot;,&quot;code&quot;:&quot;loginPage.fillUsername(_credentials.env.user.username);\nloginPage.fillPassword(_credentials.env.user.password);\nloginPage.passwordElement.focus().type(&#x27;{enter}&#x27;);\ncy.location(&#x27;pathname&#x27;, {\n  timeout: 2000\n}).should(&#x27;eq&#x27;, &#x27;/&#x27;); //  set the right location\ncy.title().should(&#x27;eq&#x27;, &#x27;Home&#x27;);&quot;,&quot;err&quot;:{&quot;message&quot;:&quot;AssertionError: Timed out retrying after 2000ms: expected &#x27;/qa-portal/registerlogin/registerlogin.php&#x27; to equal &#x27;/&#x27;&quot;,&quot;estack&quot;:&quot;AssertionError: Timed out retrying after 2000ms: expected &#x27;/qa-portal/registerlogin/registerlogin.php&#x27; to equal &#x27;/&#x27;\n    at Context.eval (https://www.pecodesoftware.com/__cypress/tests?p=cypress\\integration\\test.spec.js:192:8)&quot;,&quot;diff&quot;:&quot;- &#x27;/qa-portal/registerlogin/registerlogin.php&#x27;\n+ &#x27;/&#x27;\n&quot;},&quot;uuid&quot;:&quot;7f2c138a-12f1-4e54-9777-e20027285ba9&quot;,&quot;parentUUID&quot;:&quot;11ee0080-20b9-4d8d-af96-c7fb6491d9db&quot;,&quot;isHook&quot;:false,&quot;skipped&quot;:false},{&quot;title&quot;:&quot;should show error invalid username&quot;,&quot;fullTitle&quot;:&quot;login user should show error invalid username&quot;,&quot;timedOut&quot;:null,&quot;duration&quot;:2233,&quot;state&quot;:&quot;passed&quot;,&quot;speed&quot;:&quot;slow&quot;,&quot;pass&quot;:true,&quot;fail&quot;:false,&quot;pending&quot;:false,&quot;context&quot;:null,&quot;code&quot;:&quot;loginPage.fillUsername(_credentials.env.invalid_user.username);\nloginPage.fillPassword(_credentials.env.user.password);\nloginPage.submit();\nloginPage.errorMessageElement.should(&#x27;have.text&#x27;, &#x27;No account found with that username.&#x27;);&quot;,&quot;err&quot;:{},&quot;uuid&quot;:&quot;aafbcca6-87b1-42d5-97c4-5a9b1c62dd90&quot;,&quot;parentUUID&quot;:&quot;11ee0080-20b9-4d8d-af96-c7fb6491d9db&quot;,&quot;isHook&quot;:false,&quot;skipped&quot;:false},{&quot;title&quot;:&quot;should show error invalid password&quot;,&quot;fullTitle&quot;:&quot;login user should show error invalid password&quot;,&quot;timedOut&quot;:null,&quot;duration&quot;:6441,&quot;state&quot;:&quot;failed&quot;,&quot;speed&quot;:null,&quot;pass&quot;:false,&quot;fail&quot;:true,&quot;pending&quot;:false,&quot;context&quot;:&quot;{\n  \&quot;title\&quot;: \&quot;Failed screenshot\&quot;,\n  \&quot;value\&quot;: \&quot;screenshots\\\\test.spec.js\\\\login user -- should show error invalid password (failed).png\&quot;\n}&quot;,&quot;code&quot;:&quot;loginPage.fillUsername(_credentials.env.user.username);\nloginPage.fillPassword(_credentials.env.invalid_user.password);\nloginPage.submit();\nloginPage.errorMessageElement.should(&#x27;have.text&#x27;, &#x27;Wrong password&#x27;);&quot;,&quot;err&quot;:{&quot;message&quot;:&quot;AssertionError: Timed out retrying after 4000ms: expected &#x27;&lt;span.help-block&gt;&#x27; to have text &#x27;Wrong password&#x27;, but the text was &#x27;No account found with that username.&#x27;&quot;,&quot;estack&quot;:&quot;AssertionError: Timed out retrying after 4000ms: expected &#x27;&lt;span.help-block&gt;&#x27; to have text &#x27;Wrong password&#x27;, but the text was &#x27;No account found with that username.&#x27;\n    at Context.eval (https://www.pecodesoftware.com/__cypress/tests?p=cypress\\integration\\test.spec.js:206:35)&quot;,&quot;diff&quot;:&quot;- &#x27;No account found with that username.&#x27;\n+ &#x27;Wrong password&#x27;\n&quot;},&quot;uuid&quot;:&quot;f12eab82-1c99-466b-ace6-fe5299f07bfe&quot;,&quot;parentUUID&quot;:&quot;11ee0080-20b9-4d8d-af96-c7fb6491d9db&quot;,&quot;isHook&quot;:false,&quot;skipped&quot;:false},{&quot;title&quot;:&quot;should show error email is required field&quot;,&quot;fullTitle&quot;:&quot;login user should show error email is required field&quot;,&quot;timedOut&quot;:null,&quot;duration&quot;:1498,&quot;state&quot;:&quot;passed&quot;,&quot;speed&quot;:&quot;slow&quot;,&quot;pass&quot;:true,&quot;fail&quot;:false,&quot;pending&quot;:false,&quot;context&quot;:null,&quot;code&quot;:&quot;loginPage.fillPassword(_credentials.env.user.password);\nloginPage.submit();\nloginPage.errorMessageElement.should(&#x27;have.text&#x27;, \&quot;Please enter username.\&quot;);&quot;,&quot;err&quot;:{},&quot;uuid&quot;:&quot;1b884656-7d52-4de0-87a9-e0b3f858742a&quot;,&quot;parentUUID&quot;:&quot;11ee0080-20b9-4d8d-af96-c7fb6491d9db&quot;,&quot;isHook&quot;:false,&quot;skipped&quot;:false},{&quot;title&quot;:&quot;should show error password is required field&quot;,&quot;fullTitle&quot;:&quot;login user should show error password is required field&quot;,&quot;timedOut&quot;:null,&quot;duration&quot;:1175,&quot;state&quot;:&quot;passed&quot;,&quot;speed&quot;:&quot;slow&quot;,&quot;pass&quot;:true,&quot;fail&quot;:false,&quot;pending&quot;:false,&quot;context&quot;:null,&quot;code&quot;:&quot;loginPage.fillUsername(_credentials.env.user.username);\nloginPage.submit();\nloginPage.errorMessageElement.should(&#x27;have.text&#x27;, \&quot;Please enter your password.\&quot;);&quot;,&quot;err&quot;:{},&quot;uuid&quot;:&quot;a72fe5b8-1bd8-4cd3-9e40-5947555dfdaf&quot;,&quot;parentUUID&quot;:&quot;11ee0080-20b9-4d8d-af96-c7fb6491d9db&quot;,&quot;isHook&quot;:false,&quot;skipped&quot;:false},{&quot;title&quot;:&quot;should show error email field is too long&quot;,&quot;fullTitle&quot;:&quot;login user should show error email field is too long&quot;,&quot;timedOut&quot;:null,&quot;duration&quot;:12192,&quot;state&quot;:&quot;failed&quot;,&quot;speed&quot;:null,&quot;pass&quot;:false,&quot;fail&quot;:true,&quot;pending&quot;:false,&quot;context&quot;:&quot;{\n  \&quot;title\&quot;: \&quot;Failed screenshot\&quot;,\n  \&quot;value\&quot;: \&quot;screenshots\\\\test.spec.js\\\\login user -- should show error email field is too long (failed).png\&quot;\n}&quot;,&quot;code&quot;:&quot;loginPage.fillUsername(&#x27;Lorem ipsum dolor sit amet, consectetuer adipiscing elit. Aenean commodo ligula eget dolor. Aenean massa. Cum sociis natoque penatibus et magnis dis parturient montes, nascetur ridiculus mus. Donec quam felis, ultricies nec, pellentesque eu, pretium quis,.&#x27;);\nloginPage.fillPassword(_credentials.env.user.password);\nloginPage.submit();\nloginPage.errorMessageElement.should(&#x27;have.text&#x27;, \&quot;Maximum length of username field is 255 symbols \&quot;);&quot;,&quot;err&quot;:{&quot;message&quot;:&quot;AssertionError: Timed out retrying after 4000ms: expected &#x27;&lt;span.help-block&gt;&#x27; to have text &#x27;Maximum length of username field is 255 symbols &#x27;, but the text was &#x27;No account found with that username.&#x27;&quot;,&quot;estack&quot;:&quot;AssertionError: Timed out retrying after 4000ms: expected &#x27;&lt;span.help-block&gt;&#x27; to have text &#x27;Maximum length of username field is 255 symbols &#x27;, but the text was &#x27;No account found with that username.&#x27;\n    at Context.eval (https://www.pecodesoftware.com/__cypress/tests?p=cypress\\integration\\test.spec.js:222:35)&quot;,&quot;diff&quot;:&quot;- &#x27;No account found with that username.&#x27;\n+ &#x27;Maximum length of username field is 255 symbols &#x27;\n&quot;},&quot;uuid&quot;:&quot;82d4accb-f0f5-46f3-bc22-362706e712de&quot;,&quot;parentUUID&quot;:&quot;11ee0080-20b9-4d8d-af96-c7fb6491d9db&quot;,&quot;isHook&quot;:false,&quot;skipped&quot;:false}],&quot;suites&quot;:[],&quot;passes&quot;:[&quot;134a6bfc-455e-4e3e-ba9b-08bc78033b2a&quot;,&quot;aafbcca6-87b1-42d5-97c4-5a9b1c62dd90&quot;,&quot;1b884656-7d52-4de0-87a9-e0b3f858742a&quot;,&quot;a72fe5b8-1bd8-4cd3-9e40-5947555dfdaf&quot;],&quot;failures&quot;:[&quot;9b55875e-7349-4636-8d31-60ac9b0fe461&quot;,&quot;7f2c138a-12f1-4e54-9777-e20027285ba9&quot;,&quot;f12eab82-1c99-466b-ace6-fe5299f07bfe&quot;,&quot;82d4accb-f0f5-46f3-bc22-362706e712de&quot;],&quot;pending&quot;:[],&quot;skipped&quot;:[],&quot;duration&quot;:48338,&quot;root&quot;:false,&quot;rootEmpty&quot;:false,&quot;_timeout&quot;:2000}],&quot;passes&quot;:[],&quot;failures&quot;:[],&quot;pending&quot;:[],&quot;skipped&quot;:[],&quot;duration&quot;:0,&quot;root&quot;:true,&quot;rootEmpty&quot;:true,&quot;_timeout&quot;:2000},{&quot;uuid&quot;:&quot;e7a88f87-cd67-408b-ba75-cbb6d2e79025&quot;,&quot;title&quot;:&quot;&quot;,&quot;fullFile&quot;:&quot;cypress\\integration\\test.spec.js&quot;,&quot;file&quot;:&quot;cypress\\integration\\test.spec.js&quot;,&quot;beforeHooks&quot;:[],&quot;afterHooks&quot;:[],&quot;tests&quot;:[],&quot;suites&quot;:[{&quot;uuid&quot;:&quot;8542918c-8b9a-4aab-8c2f-d4a8563ecdaa&quot;,&quot;title&quot;:&quot;login user&quot;,&quot;fullFile&quot;:&quot;&quot;,&quot;file&quot;:&quot;&quot;,&quot;beforeHooks&quot;:[],&quot;afterHooks&quot;:[],&quot;tests&quot;:[{&quot;title&quot;:&quot;should login the app with valid credentials&quot;,&quot;fullTitle&quot;:&quot;login user should login the app with valid credentials&quot;,&quot;timedOut&quot;:null,&quot;duration&quot;:6677,&quot;state&quot;:&quot;failed&quot;,&quot;speed&quot;:null,&quot;pass&quot;:false,&quot;fail&quot;:true,&quot;pending&quot;:false,&quot;context&quot;:&quot;{\n  \&quot;title\&quot;: \&quot;Failed screenshot\&quot;,\n  \&quot;value\&quot;: \&quot;screenshots\\\\test.spec.js\\\\login user -- should login the app with valid credentials (failed).png\&quot;\n}&quot;,&quot;code&quot;:&quot;loginPage.fillUsername(_credentials.env.user.username);\nloginPage.fillPassword(_credentials.env.user.password);\nloginPage.submit();\ncy.location(&#x27;pathname&#x27;, {\n  timeout: 2000\n}).should(&#x27;eq&#x27;, &#x27;/&#x27;); // set the right location\ncy.title().should(&#x27;eq&#x27;, &#x27;Home&#x27;);&quot;,&quot;err&quot;:{&quot;message&quot;:&quot;AssertionError: Timed out retrying after 2000ms: expected &#x27;/qa-portal/registerlogin/registerlogin.php&#x27; to equal &#x27;/&#x27;&quot;,&quot;estack&quot;:&quot;AssertionError: Timed out retrying after 2000ms: expected &#x27;/qa-portal/registerlogin/registerlogin.php&#x27; to equal &#x27;/&#x27;\n    at Context.eval (https://www.pecodesoftware.com/__cypress/tests?p=cypress\\integration\\test.spec.js:177:8)&quot;,&quot;diff&quot;:&quot;- &#x27;/qa-portal/registerlogin/registerlogin.php&#x27;\n+ &#x27;/&#x27;\n&quot;},&quot;uuid&quot;:&quot;6c46a88b-b2ed-45ea-83f7-43106b7b7819&quot;,&quot;parentUUID&quot;:&quot;8542918c-8b9a-4aab-8c2f-d4a8563ecdaa&quot;,&quot;isHook&quot;:false,&quot;skipped&quot;:false},{&quot;title&quot;:&quot;should navigate to the next field after pressing tab&quot;,&quot;fullTitle&quot;:&quot;login user should navigate to the next field after pressing tab&quot;,&quot;timedOut&quot;:null,&quot;duration&quot;:1146,&quot;state&quot;:&quot;passed&quot;,&quot;speed&quot;:&quot;slow&quot;,&quot;pass&quot;:true,&quot;fail&quot;:false,&quot;pending&quot;:false,&quot;context&quot;:null,&quot;code&quot;:&quot;loginPage.fillUsername(_credentials.env.user.username);\nloginPage.usernameElement.tab();\nloginPage.passwordElement.should(&#x27;have.focus&#x27;);&quot;,&quot;err&quot;:{},&quot;uuid&quot;:&quot;cdd73c67-82a6-4b3f-b853-bd888719c4e4&quot;,&quot;parentUUID&quot;:&quot;8542918c-8b9a-4aab-8c2f-d4a8563ecdaa&quot;,&quot;isHook&quot;:false,&quot;skipped&quot;:false},{&quot;title&quot;:&quot;should login the app with valid credentials and after pressing enter&quot;,&quot;fullTitle&quot;:&quot;login user should login the app with valid credentials and after pressing enter&quot;,&quot;timedOut&quot;:null,&quot;duration&quot;:4046,&quot;state&quot;:&quot;failed&quot;,&quot;speed&quot;:null,&quot;pass&quot;:false,&quot;fail&quot;:true,&quot;pending&quot;:false,&quot;context&quot;:&quot;{\n  \&quot;title\&quot;: \&quot;Failed screenshot\&quot;,\n  \&quot;value\&quot;: \&quot;screenshots\\\\test.spec.js\\\\login user -- should login the app with valid credentials and after pressing enter (failed).png\&quot;\n}&quot;,&quot;code&quot;:&quot;loginPage.fillUsername(_credentials.env.user.username);\nloginPage.fillPassword(_credentials.env.user.password);\nloginPage.passwordElement.focus().type(&#x27;{enter}&#x27;);\ncy.location(&#x27;pathname&#x27;, {\n  timeout: 2000\n}).should(&#x27;eq&#x27;, &#x27;/&#x27;); //  set the right location\ncy.title().should(&#x27;eq&#x27;, &#x27;Home&#x27;);&quot;,&quot;err&quot;:{&quot;message&quot;:&quot;AssertionError: Timed out retrying after 2000ms: expected &#x27;/qa-portal/registerlogin/registerlogin.php&#x27; to equal &#x27;/&#x27;&quot;,&quot;estack&quot;:&quot;AssertionError: Timed out retrying after 2000ms: expected &#x27;/qa-portal/registerlogin/registerlogin.php&#x27; to equal &#x27;/&#x27;\n    at Context.eval (https://www.pecodesoftware.com/__cypress/tests?p=cypress\\integration\\test.spec.js:192:8)&quot;,&quot;diff&quot;:&quot;- &#x27;/qa-portal/registerlogin/registerlogin.php&#x27;\n+ &#x27;/&#x27;\n&quot;},&quot;uuid&quot;:&quot;dac4120d-771e-484f-bcaf-c4d57ff4a402&quot;,&quot;parentUUID&quot;:&quot;8542918c-8b9a-4aab-8c2f-d4a8563ecdaa&quot;,&quot;isHook&quot;:false,&quot;skipped&quot;:false},{&quot;title&quot;:&quot;should show error invalid username&quot;,&quot;fullTitle&quot;:&quot;login user should show error invalid username&quot;,&quot;timedOut&quot;:null,&quot;duration&quot;:1623,&quot;state&quot;:&quot;passed&quot;,&quot;speed&quot;:&quot;slow&quot;,&quot;pass&quot;:true,&quot;fail&quot;:false,&quot;pending&quot;:false,&quot;context&quot;:null,&quot;code&quot;:&quot;loginPage.fillUsername(_credentials.env.invalid_user.username);\nloginPage.fillPassword(_credentials.env.user.password);\nloginPage.submit();\nloginPage.errorMessageElement.should(&#x27;have.text&#x27;, &#x27;No account found with that username.&#x27;);&quot;,&quot;err&quot;:{},&quot;uuid&quot;:&quot;77280465-f48f-4085-a71b-7427cbd08025&quot;,&quot;parentUUID&quot;:&quot;8542918c-8b9a-4aab-8c2f-d4a8563ecdaa&quot;,&quot;isHook&quot;:false,&quot;skipped&quot;:false},{&quot;title&quot;:&quot;should show error invalid password&quot;,&quot;fullTitle&quot;:&quot;login user should show error invalid password&quot;,&quot;timedOut&quot;:null,&quot;duration&quot;:6215,&quot;state&quot;:&quot;failed&quot;,&quot;speed&quot;:null,&quot;pass&quot;:false,&quot;fail&quot;:true,&quot;pending&quot;:false,&quot;context&quot;:&quot;{\n  \&quot;title\&quot;: \&quot;Failed screenshot\&quot;,\n  \&quot;value\&quot;: \&quot;screenshots\\\\test.spec.js\\\\login user -- should show error invalid password (failed).png\&quot;\n}&quot;,&quot;code&quot;:&quot;loginPage.fillUsername(_credentials.env.user.username);\nloginPage.fillPassword(_credentials.env.invalid_user.password);\nloginPage.submit();\nloginPage.errorMessageElement.should(&#x27;have.text&#x27;, &#x27;Wrong password&#x27;);&quot;,&quot;err&quot;:{&quot;message&quot;:&quot;AssertionError: Timed out retrying after 4000ms: expected &#x27;&lt;span.help-block&gt;&#x27; to have text &#x27;Wrong password&#x27;, but the text was &#x27;No account found with that username.&#x27;&quot;,&quot;estack&quot;:&quot;AssertionError: Timed out retrying after 4000ms: expected &#x27;&lt;span.help-block&gt;&#x27; to have text &#x27;Wrong password&#x27;, but the text was &#x27;No account found with that username.&#x27;\n    at Context.eval (https://www.pecodesoftware.com/__cypress/tests?p=cypress\\integration\\test.spec.js:206:35)&quot;,&quot;diff&quot;:&quot;- &#x27;No account found with that username.&#x27;\n+ &#x27;Wrong password&#x27;\n&quot;},&quot;uuid&quot;:&quot;f24372a7-2010-4342-8ce0-341d01c26dfa&quot;,&quot;parentUUID&quot;:&quot;8542918c-8b9a-4aab-8c2f-d4a8563ecdaa&quot;,&quot;isHook&quot;:false,&quot;skipped&quot;:false},{&quot;title&quot;:&quot;should show error email is required field&quot;,&quot;fullTitle&quot;:&quot;login user should show error email is required field&quot;,&quot;timedOut&quot;:null,&quot;duration&quot;:1595,&quot;state&quot;:&quot;passed&quot;,&quot;speed&quot;:&quot;slow&quot;,&quot;pass&quot;:true,&quot;fail&quot;:false,&quot;pending&quot;:false,&quot;context&quot;:null,&quot;code&quot;:&quot;loginPage.fillPassword(_credentials.env.user.password);\nloginPage.submit();\nloginPage.errorMessageElement.should(&#x27;have.text&#x27;, \&quot;Please enter username.\&quot;);&quot;,&quot;err&quot;:{},&quot;uuid&quot;:&quot;d9d945ba-a859-467e-a12d-866cbfab64c7&quot;,&quot;parentUUID&quot;:&quot;8542918c-8b9a-4aab-8c2f-d4a8563ecdaa&quot;,&quot;isHook&quot;:false,&quot;skipped&quot;:false},{&quot;title&quot;:&quot;should show error password is required field&quot;,&quot;fullTitle&quot;:&quot;login user should show error password is required field&quot;,&quot;timedOut&quot;:null,&quot;duration&quot;:1157,&quot;state&quot;:&quot;passed&quot;,&quot;speed&quot;:&quot;slow&quot;,&quot;pass&quot;:true,&quot;fail&quot;:false,&quot;pending&quot;:false,&quot;context&quot;:null,&quot;code&quot;:&quot;loginPage.fillUsername(_credentials.env.user.username);\nloginPage.submit();\nloginPage.errorMessageElement.should(&#x27;have.text&#x27;, \&quot;Please enter your password.\&quot;);&quot;,&quot;err&quot;:{},&quot;uuid&quot;:&quot;9904bd60-8bd1-446a-9555-d41c9baf3f8d&quot;,&quot;parentUUID&quot;:&quot;8542918c-8b9a-4aab-8c2f-d4a8563ecdaa&quot;,&quot;isHook&quot;:false,&quot;skipped&quot;:false},{&quot;title&quot;:&quot;should show error email field is too long&quot;,&quot;fullTitle&quot;:&quot;login user should show error email field is too long&quot;,&quot;timedOut&quot;:null,&quot;duration&quot;:11216,&quot;state&quot;:&quot;failed&quot;,&quot;speed&quot;:null,&quot;pass&quot;:false,&quot;fail&quot;:true,&quot;pending&quot;:false,&quot;context&quot;:&quot;{\n  \&quot;title\&quot;: \&quot;Failed screenshot\&quot;,\n  \&quot;value\&quot;: \&quot;screenshots\\\\test.spec.js\\\\login user -- should show error email field is too long (failed).png\&quot;\n}&quot;,&quot;code&quot;:&quot;loginPage.fillUsername(&#x27;Lorem ipsum dolor sit amet, consectetuer adipiscing elit. Aenean commodo ligula eget dolor. Aenean massa. Cum sociis natoque penatibus et magnis dis parturient montes, nascetur ridiculus mus. Donec quam felis, ultricies nec, pellentesque eu, pretium quis,.&#x27;);\nloginPage.fillPassword(_credentials.env.user.password);\nloginPage.submit();\nloginPage.errorMessageElement.should(&#x27;have.text&#x27;, \&quot;Maximum length of username field is 255 symbols \&quot;);&quot;,&quot;err&quot;:{&quot;message&quot;:&quot;AssertionError: Timed out retrying after 4000ms: expected &#x27;&lt;span.help-block&gt;&#x27; to have text &#x27;Maximum length of username field is 255 symbols &#x27;, but the text was &#x27;No account found with that username.&#x27;&quot;,&quot;estack&quot;:&quot;AssertionError: Timed out retrying after 4000ms: expected &#x27;&lt;span.help-block&gt;&#x27; to have text &#x27;Maximum length of username field is 255 symbols &#x27;, but the text was &#x27;No account found with that username.&#x27;\n    at Context.eval (https://www.pecodesoftware.com/__cypress/tests?p=cypress\\integration\\test.spec.js:222:35)&quot;,&quot;diff&quot;:&quot;- &#x27;No account found with that username.&#x27;\n+ &#x27;Maximum length of username field is 255 symbols &#x27;\n&quot;},&quot;uuid&quot;:&quot;bc0c2fe9-a9d7-445c-ae3f-d45b9c958b0b&quot;,&quot;parentUUID&quot;:&quot;8542918c-8b9a-4aab-8c2f-d4a8563ecdaa&quot;,&quot;isHook&quot;:false,&quot;skipped&quot;:false}],&quot;suites&quot;:[],&quot;passes&quot;:[&quot;cdd73c67-82a6-4b3f-b853-bd888719c4e4&quot;,&quot;77280465-f48f-4085-a71b-7427cbd08025&quot;,&quot;d9d945ba-a859-467e-a12d-866cbfab64c7&quot;,&quot;9904bd60-8bd1-446a-9555-d41c9baf3f8d&quot;],&quot;failures&quot;:[&quot;6c46a88b-b2ed-45ea-83f7-43106b7b7819&quot;,&quot;dac4120d-771e-484f-bcaf-c4d57ff4a402&quot;,&quot;f24372a7-2010-4342-8ce0-341d01c26dfa&quot;,&quot;bc0c2fe9-a9d7-445c-ae3f-d45b9c958b0b&quot;],&quot;pending&quot;:[],&quot;skipped&quot;:[],&quot;duration&quot;:33675,&quot;root&quot;:false,&quot;rootEmpty&quot;:false,&quot;_timeout&quot;:2000}],&quot;passes&quot;:[],&quot;failures&quot;:[],&quot;pending&quot;:[],&quot;skipped&quot;:[],&quot;duration&quot;:0,&quot;root&quot;:true,&quot;rootEmpty&quot;:true,&quot;_timeout&quot;:2000},{&quot;uuid&quot;:&quot;4c09ccba-892b-4dba-a3fb-a193113f6fdb&quot;,&quot;title&quot;:&quot;&quot;,&quot;fullFile&quot;:&quot;cypress\\integration\\test.spec.js&quot;,&quot;file&quot;:&quot;cypress\\integration\\test.spec.js&quot;,&quot;beforeHooks&quot;:[],&quot;afterHooks&quot;:[],&quot;tests&quot;:[],&quot;suites&quot;:[{&quot;uuid&quot;:&quot;fdb8fe31-460c-48bc-bb27-d3598ac9abe0&quot;,&quot;title&quot;:&quot;login user&quot;,&quot;fullFile&quot;:&quot;&quot;,&quot;file&quot;:&quot;&quot;,&quot;beforeHooks&quot;:[],&quot;afterHooks&quot;:[],&quot;tests&quot;:[{&quot;title&quot;:&quot;should login the app with valid credentials&quot;,&quot;fullTitle&quot;:&quot;login user should login the app with valid credentials&quot;,&quot;timedOut&quot;:null,&quot;duration&quot;:13473,&quot;state&quot;:&quot;failed&quot;,&quot;speed&quot;:null,&quot;pass&quot;:false,&quot;fail&quot;:true,&quot;pending&quot;:false,&quot;context&quot;:&quot;{\n  \&quot;title\&quot;: \&quot;Failed screenshot\&quot;,\n  \&quot;value\&quot;: \&quot;screenshots\\\\test.spec.js\\\\login user -- should login the app with valid credentials (failed).png\&quot;\n}&quot;,&quot;code&quot;:&quot;loginPage.fillUsername(_credentials.env.user.username);\nloginPage.fillPassword(_credentials.env.user.password);\nloginPage.submit();\ncy.location(&#x27;pathname&#x27;, {\n  timeout: 2000\n}).should(&#x27;eq&#x27;, &#x27;/&#x27;); // set the right location\ncy.title().should(&#x27;eq&#x27;, &#x27;Home&#x27;);&quot;,&quot;err&quot;:{&quot;message&quot;:&quot;AssertionError: Timed out retrying after 2000ms: expected &#x27;/qa-portal/registerlogin/registerlogin.php&#x27; to equal &#x27;/&#x27;&quot;,&quot;estack&quot;:&quot;AssertionError: Timed out retrying after 2000ms: expected &#x27;/qa-portal/registerlogin/registerlogin.php&#x27; to equal &#x27;/&#x27;\n    at Context.eval (https://www.pecodesoftware.com/__cypress/tests?p=cypress\\integration\\test.spec.js:177:8)&quot;,&quot;diff&quot;:&quot;- &#x27;/qa-portal/registerlogin/registerlogin.php&#x27;\n+ &#x27;/&#x27;\n&quot;},&quot;uuid&quot;:&quot;a5a6b7cf-a86a-46ad-8783-a47b2c71303d&quot;,&quot;parentUUID&quot;:&quot;fdb8fe31-460c-48bc-bb27-d3598ac9abe0&quot;,&quot;isHook&quot;:false,&quot;skipped&quot;:false},{&quot;title&quot;:&quot;should navigate to the next field after pressing tab&quot;,&quot;fullTitle&quot;:&quot;login user should navigate to the next field after pressing tab&quot;,&quot;timedOut&quot;:null,&quot;duration&quot;:1292,&quot;state&quot;:&quot;passed&quot;,&quot;speed&quot;:&quot;slow&quot;,&quot;pass&quot;:true,&quot;fail&quot;:false,&quot;pending&quot;:false,&quot;context&quot;:null,&quot;code&quot;:&quot;loginPage.fillUsername(_credentials.env.user.username);\nloginPage.usernameElement.tab();\nloginPage.passwordElement.should(&#x27;have.focus&#x27;);&quot;,&quot;err&quot;:{},&quot;uuid&quot;:&quot;e1d86974-ff95-4b5b-a20f-196313a3e9cc&quot;,&quot;parentUUID&quot;:&quot;fdb8fe31-460c-48bc-bb27-d3598ac9abe0&quot;,&quot;isHook&quot;:false,&quot;skipped&quot;:false},{&quot;title&quot;:&quot;should login the app with valid credentials and after pressing enter&quot;,&quot;fullTitle&quot;:&quot;login user should login the app with valid credentials and after pressing enter&quot;,&quot;timedOut&quot;:null,&quot;duration&quot;:4067,&quot;state&quot;:&quot;failed&quot;,&quot;speed&quot;:null,&quot;pass&quot;:false,&quot;fail&quot;:true,&quot;pending&quot;:false,&quot;context&quot;:&quot;{\n  \&quot;title\&quot;: \&quot;Failed screenshot\&quot;,\n  \&quot;value\&quot;: \&quot;screenshots\\\\test.spec.js\\\\login user -- should login the app with valid credentials and after pressing enter (failed).png\&quot;\n}&quot;,&quot;code&quot;:&quot;loginPage.fillUsername(_credentials.env.user.username);\nloginPage.fillPassword(_credentials.env.user.password);\nloginPage.passwordElement.focus().type(&#x27;{enter}&#x27;);\ncy.location(&#x27;pathname&#x27;, {\n  timeout: 2000\n}).should(&#x27;eq&#x27;, &#x27;/&#x27;); //  set the right location\ncy.title().should(&#x27;eq&#x27;, &#x27;Home&#x27;);&quot;,&quot;err&quot;:{&quot;message&quot;:&quot;AssertionError: Timed out retrying after 2000ms: expected &#x27;/qa-portal/registerlogin/registerlogin.php&#x27; to equal &#x27;/&#x27;&quot;,&quot;estack&quot;:&quot;AssertionError: Timed out retrying after 2000ms: expected &#x27;/qa-portal/registerlogin/registerlogin.php&#x27; to equal &#x27;/&#x27;\n    at Context.eval (https://www.pecodesoftware.com/__cypress/tests?p=cypress\\integration\\test.spec.js:192:8)&quot;,&quot;diff&quot;:&quot;- &#x27;/qa-portal/registerlogin/registerlogin.php&#x27;\n+ &#x27;/&#x27;\n&quot;},&quot;uuid&quot;:&quot;377572f2-f59f-415c-ba33-0750d8ed09ad&quot;,&quot;parentUUID&quot;:&quot;fdb8fe31-460c-48bc-bb27-d3598ac9abe0&quot;,&quot;isHook&quot;:false,&quot;skipped&quot;:false},{&quot;title&quot;:&quot;should show error invalid username&quot;,&quot;fullTitle&quot;:&quot;login user should show error invalid username&quot;,&quot;timedOut&quot;:null,&quot;duration&quot;:1706,&quot;state&quot;:&quot;passed&quot;,&quot;speed&quot;:&quot;slow&quot;,&quot;pass&quot;:true,&quot;fail&quot;:false,&quot;pending&quot;:false,&quot;context&quot;:null,&quot;code&quot;:&quot;loginPage.fillUsername(_credentials.env.invalid_user.username);\nloginPage.fillPassword(_credentials.env.user.password);\nloginPage.submit();\nloginPage.errorMessageElement.should(&#x27;contain&#x27;, &#x27;No account found with that username.&#x27;);&quot;,&quot;err&quot;:{},&quot;uuid&quot;:&quot;32df243c-040e-41bf-a9a5-b3f252163932&quot;,&quot;parentUUID&quot;:&quot;fdb8fe31-460c-48bc-bb27-d3598ac9abe0&quot;,&quot;isHook&quot;:false,&quot;skipped&quot;:false},{&quot;title&quot;:&quot;should show error invalid password&quot;,&quot;fullTitle&quot;:&quot;login user should show error invalid password&quot;,&quot;timedOut&quot;:null,&quot;duration&quot;:6300,&quot;state&quot;:&quot;failed&quot;,&quot;speed&quot;:null,&quot;pass&quot;:false,&quot;fail&quot;:true,&quot;pending&quot;:false,&quot;context&quot;:&quot;{\n  \&quot;title\&quot;: \&quot;Failed screenshot\&quot;,\n  \&quot;value\&quot;: \&quot;screenshots\\\\test.spec.js\\\\login user -- should show error invalid password (failed).png\&quot;\n}&quot;,&quot;code&quot;:&quot;loginPage.fillUsername(_credentials.env.user.username);\nloginPage.fillPassword(_credentials.env.invalid_user.password);\nloginPage.submit();\nloginPage.errorMessageElement.should(&#x27;contain&#x27;, &#x27;Wrong password&#x27;);&quot;,&quot;err&quot;:{&quot;message&quot;:&quot;AssertionError: Timed out retrying after 4000ms: expected &#x27;&lt;span.help-block&gt;&#x27; to contain &#x27;Wrong password&#x27;&quot;,&quot;estack&quot;:&quot;AssertionError: Timed out retrying after 4000ms: expected &#x27;&lt;span.help-block&gt;&#x27; to contain &#x27;Wrong password&#x27;\n    at Context.eval (https://www.pecodesoftware.com/__cypress/tests?p=cypress\\integration\\test.spec.js:206:35)&quot;,&quot;diff&quot;:null},&quot;uuid&quot;:&quot;0df09cbb-f960-42f0-8eb4-a9678f0a9f82&quot;,&quot;parentUUID&quot;:&quot;fdb8fe31-460c-48bc-bb27-d3598ac9abe0&quot;,&quot;isHook&quot;:false,&quot;skipped&quot;:false},{&quot;title&quot;:&quot;should show error email is required field&quot;,&quot;fullTitle&quot;:&quot;login user should show error email is required field&quot;,&quot;timedOut&quot;:null,&quot;duration&quot;:1416,&quot;state&quot;:&quot;passed&quot;,&quot;speed&quot;:&quot;slow&quot;,&quot;pass&quot;:true,&quot;fail&quot;:false,&quot;pending&quot;:false,&quot;context&quot;:null,&quot;code&quot;:&quot;loginPage.fillPassword(_credentials.env.user.password);\nloginPage.submit();\nloginPage.errorMessageElement.should(&#x27;contain&#x27;, \&quot;Please enter username.\&quot;);&quot;,&quot;err&quot;:{},&quot;uuid&quot;:&quot;072bcd3d-6207-49ff-a014-bc7727add88d&quot;,&quot;parentUUID&quot;:&quot;fdb8fe31-460c-48bc-bb27-d3598ac9abe0&quot;,&quot;isHook&quot;:false,&quot;skipped&quot;:false},{&quot;title&quot;:&quot;should show error password is required field&quot;,&quot;fullTitle&quot;:&quot;login user should show error password is required field&quot;,&quot;timedOut&quot;:null,&quot;duration&quot;:1095,&quot;state&quot;:&quot;passed&quot;,&quot;speed&quot;:&quot;slow&quot;,&quot;pass&quot;:true,&quot;fail&quot;:false,&quot;pending&quot;:false,&quot;context&quot;:null,&quot;code&quot;:&quot;loginPage.fillUsername(_credentials.env.user.username);\nloginPage.submit();\nloginPage.errorMessageElement.should(&#x27;contain&#x27;, \&quot;Please enter your password.\&quot;);&quot;,&quot;err&quot;:{},&quot;uuid&quot;:&quot;97fe0d8f-7e53-4828-9b97-0f0de467bbe9&quot;,&quot;parentUUID&quot;:&quot;fdb8fe31-460c-48bc-bb27-d3598ac9abe0&quot;,&quot;isHook&quot;:false,&quot;skipped&quot;:false},{&quot;title&quot;:&quot;should show error email field is too long&quot;,&quot;fullTitle&quot;:&quot;login user should show error email field is too long&quot;,&quot;timedOut&quot;:null,&quot;duration&quot;:13324,&quot;state&quot;:&quot;failed&quot;,&quot;speed&quot;:null,&quot;pass&quot;:false,&quot;fail&quot;:true,&quot;pending&quot;:false,&quot;context&quot;:&quot;{\n  \&quot;title\&quot;: \&quot;Failed screenshot\&quot;,\n  \&quot;value\&quot;: \&quot;screenshots\\\\test.spec.js\\\\login user -- should show error email field is too long (failed).png\&quot;\n}&quot;,&quot;code&quot;:&quot;loginPage.fillUsername(&#x27;Nam pretium turpis et arcu. Duis arcu tortor, suscipit eget, imperdiet nec, imperdiet iaculis, ipsum. Sed aliquam ultrices mauris. Integer ante arcu, accumsan a, consectetuer eget, posuere ut, mauris. Praesent adipiscing. Phasellus ullamcorper ipsum rutrum nunc. Nunc nonummy metus,.&#x27;);\nloginPage.fillPassword(_credentials.env.user.password);\nloginPage.submit();\nloginPage.errorMessageElement.should(&#x27;contain&#x27;, \&quot;Maximum length of username field is 255 symbols \&quot;);&quot;,&quot;err&quot;:{&quot;message&quot;:&quot;AssertionError: Timed out retrying after 4000ms: expected &#x27;&lt;span.help-block&gt;&#x27; to contain &#x27;Maximum length of username field is 255 symbols &#x27;&quot;,&quot;estack&quot;:&quot;AssertionError: Timed out retrying after 4000ms: expected &#x27;&lt;span.help-block&gt;&#x27; to contain &#x27;Maximum length of username field is 255 symbols &#x27;\n    at Context.eval (https://www.pecodesoftware.com/__cypress/tests?p=cypress\\integration\\test.spec.js:222:35)&quot;,&quot;diff&quot;:null},&quot;uuid&quot;:&quot;600a6d14-4bc9-457f-bc71-d6c7a2431fc4&quot;,&quot;parentUUID&quot;:&quot;fdb8fe31-460c-48bc-bb27-d3598ac9abe0&quot;,&quot;isHook&quot;:false,&quot;skipped&quot;:false}],&quot;suites&quot;:[],&quot;passes&quot;:[&quot;e1d86974-ff95-4b5b-a20f-196313a3e9cc&quot;,&quot;32df243c-040e-41bf-a9a5-b3f252163932&quot;,&quot;072bcd3d-6207-49ff-a014-bc7727add88d&quot;,&quot;97fe0d8f-7e53-4828-9b97-0f0de467bbe9&quot;],&quot;failures&quot;:[&quot;a5a6b7cf-a86a-46ad-8783-a47b2c71303d&quot;,&quot;377572f2-f59f-415c-ba33-0750d8ed09ad&quot;,&quot;0df09cbb-f960-42f0-8eb4-a9678f0a9f82&quot;,&quot;600a6d14-4bc9-457f-bc71-d6c7a2431fc4&quot;],&quot;pending&quot;:[],&quot;skipped&quot;:[],&quot;duration&quot;:42673,&quot;root&quot;:false,&quot;rootEmpty&quot;:false,&quot;_timeout&quot;:2000}],&quot;passes&quot;:[],&quot;failures&quot;:[],&quot;pending&quot;:[],&quot;skipped&quot;:[],&quot;duration&quot;:0,&quot;root&quot;:true,&quot;rootEmpty&quot;:true,&quot;_timeout&quot;:2000},{&quot;uuid&quot;:&quot;b13069d6-d094-4e98-88d6-bf2316649f87&quot;,&quot;title&quot;:&quot;&quot;,&quot;fullFile&quot;:&quot;cypress\\integration\\test.spec.js&quot;,&quot;file&quot;:&quot;cypress\\integration\\test.spec.js&quot;,&quot;beforeHooks&quot;:[],&quot;afterHooks&quot;:[],&quot;tests&quot;:[],&quot;suites&quot;:[{&quot;uuid&quot;:&quot;ffe2aba9-bef6-47cc-942c-a5b626dfb1a0&quot;,&quot;title&quot;:&quot;login user&quot;,&quot;fullFile&quot;:&quot;&quot;,&quot;file&quot;:&quot;&quot;,&quot;beforeHooks&quot;:[],&quot;afterHooks&quot;:[],&quot;tests&quot;:[{&quot;title&quot;:&quot;should login the app with valid credentials&quot;,&quot;fullTitle&quot;:&quot;login user should login the app with valid credentials&quot;,&quot;timedOut&quot;:null,&quot;duration&quot;:18981,&quot;state&quot;:&quot;failed&quot;,&quot;speed&quot;:null,&quot;pass&quot;:false,&quot;fail&quot;:true,&quot;pending&quot;:false,&quot;context&quot;:&quot;{\n  \&quot;title\&quot;: \&quot;Failed screenshot\&quot;,\n  \&quot;value\&quot;: \&quot;screenshots\\\\test.spec.js\\\\login user -- should login the app with valid credentials (failed).png\&quot;\n}&quot;,&quot;code&quot;:&quot;loginPage.fillUsername(_config.env.user.username);\nloginPage.fillPassword(_config.env.user.password);\nloginPage.submit();\ncy.location(&#x27;pathname&#x27;, {\n  timeout: 10000\n}).should(&#x27;eq&#x27;, &#x27;/&#x27;); // todo: set the right location\ncy.title().should(&#x27;eq&#x27;, &#x27;Home&#x27;);&quot;,&quot;err&quot;:{&quot;message&quot;:&quot;AssertionError: Timed out retrying after 10000ms: expected &#x27;/qa-portal/registerlogin/registerlogin.php&#x27; to equal &#x27;/&#x27;&quot;,&quot;estack&quot;:&quot;AssertionError: Timed out retrying after 10000ms: expected &#x27;/qa-portal/registerlogin/registerlogin.php&#x27; to equal &#x27;/&#x27;\n    at Context.eval (https://www.pecodesoftware.com/__cypress/tests?p=cypress\\integration\\test.spec.js:187:8)&quot;,&quot;diff&quot;:&quot;- &#x27;/qa-portal/registerlogin/registerlogin.php&#x27;\n+ &#x27;/&#x27;\n&quot;},&quot;uuid&quot;:&quot;2f8f428c-8cf2-4a3f-82b6-25048b894229&quot;,&quot;parentUUID&quot;:&quot;ffe2aba9-bef6-47cc-942c-a5b626dfb1a0&quot;,&quot;isHook&quot;:false,&quot;skipped&quot;:false},{&quot;title&quot;:&quot;should navigate to the next field after pressing tab&quot;,&quot;fullTitle&quot;:&quot;login user should navigate to the next field after pressing tab&quot;,&quot;timedOut&quot;:null,&quot;duration&quot;:1531,&quot;state&quot;:&quot;passed&quot;,&quot;speed&quot;:&quot;slow&quot;,&quot;pass&quot;:true,&quot;fail&quot;:false,&quot;pending&quot;:false,&quot;context&quot;:null,&quot;code&quot;:&quot;loginPage.fillUsername(_config.env.user.username);\nloginPage.usernameElement.tab();\nloginPage.passwordElement.should(&#x27;have.focus&#x27;);&quot;,&quot;err&quot;:{},&quot;uuid&quot;:&quot;e48181b9-8d8e-4a9a-b395-205ee50ab81c&quot;,&quot;parentUUID&quot;:&quot;ffe2aba9-bef6-47cc-942c-a5b626dfb1a0&quot;,&quot;isHook&quot;:false,&quot;skipped&quot;:false},{&quot;title&quot;:&quot;should login the app with valid credentials and after pressing enter&quot;,&quot;fullTitle&quot;:&quot;login user should login the app with valid credentials and after pressing enter&quot;,&quot;timedOut&quot;:null,&quot;duration&quot;:12362,&quot;state&quot;:&quot;failed&quot;,&quot;speed&quot;:null,&quot;pass&quot;:false,&quot;fail&quot;:true,&quot;pending&quot;:false,&quot;context&quot;:&quot;{\n  \&quot;title\&quot;: \&quot;Failed screenshot\&quot;,\n  \&quot;value\&quot;: \&quot;screenshots\\\\test.spec.js\\\\login user -- should login the app with valid credentials and after pressing enter (failed).png\&quot;\n}&quot;,&quot;code&quot;:&quot;loginPage.fillUsername(_config.env.user.username);\nloginPage.fillPassword(_config.env.user.password);\nloginPage.passwordElement.focus().type(&#x27;{enter}&#x27;);\ncy.location(&#x27;pathname&#x27;, {\n  timeout: 10000\n}).should(&#x27;eq&#x27;, &#x27;/&#x27;); // todo: set the right location\ncy.title().should(&#x27;eq&#x27;, &#x27;Home&#x27;);&quot;,&quot;err&quot;:{&quot;message&quot;:&quot;AssertionError: Timed out retrying after 10000ms: expected &#x27;/qa-portal/registerlogin/registerlogin.php&#x27; to equal &#x27;/&#x27;&quot;,&quot;estack&quot;:&quot;AssertionError: Timed out retrying after 10000ms: expected &#x27;/qa-portal/registerlogin/registerlogin.php&#x27; to equal &#x27;/&#x27;\n    at Context.eval (https://www.pecodesoftware.com/__cypress/tests?p=cypress\\integration\\test.spec.js:202:8)&quot;,&quot;diff&quot;:&quot;- &#x27;/qa-portal/registerlogin/registerlogin.php&#x27;\n+ &#x27;/&#x27;\n&quot;},&quot;uuid&quot;:&quot;60fa8595-d485-439e-975e-671a1b1ec289&quot;,&quot;parentUUID&quot;:&quot;ffe2aba9-bef6-47cc-942c-a5b626dfb1a0&quot;,&quot;isHook&quot;:false,&quot;skipped&quot;:false},{&quot;title&quot;:&quot;should show error invalid username&quot;,&quot;fullTitle&quot;:&quot;login user should show error invalid username&quot;,&quot;timedOut&quot;:null,&quot;duration&quot;:4037,&quot;state&quot;:&quot;passed&quot;,&quot;speed&quot;:&quot;slow&quot;,&quot;pass&quot;:true,&quot;fail&quot;:false,&quot;pending&quot;:false,&quot;context&quot;:null,&quot;code&quot;:&quot;loginPage.fillUsername(_config.env.invalid_user.username);\nloginPage.fillPassword(_config.env.user.password);\nloginPage.submit();\nloginPage.errorMessageElement.should(&#x27;have.text&#x27;, &#x27;No account found with that username.&#x27;);\nloginPage.errorMessageElement.should(&#x27;have.css&#x27;, &#x27;color&#x27;, &#x27;rgb(169, 68, 66)&#x27;);\nloginPage.errorFormElement.should(&#x27;have.css&#x27;, &#x27;border-color&#x27;, &#x27;rgb(169, 68, 66)&#x27;);&quot;,&quot;err&quot;:{},&quot;uuid&quot;:&quot;86b04b99-cab4-4691-b801-6e0b801a2ec9&quot;,&quot;parentUUID&quot;:&quot;ffe2aba9-bef6-47cc-942c-a5b626dfb1a0&quot;,&quot;isHook&quot;:false,&quot;skipped&quot;:false},{&quot;title&quot;:&quot;should show error invalid password&quot;,&quot;fullTitle&quot;:&quot;login user should show error invalid password&quot;,&quot;timedOut&quot;:null,&quot;duration&quot;:6747,&quot;state&quot;:&quot;failed&quot;,&quot;speed&quot;:null,&quot;pass&quot;:false,&quot;fail&quot;:true,&quot;pending&quot;:false,&quot;context&quot;:&quot;{\n  \&quot;title\&quot;: \&quot;Failed screenshot\&quot;,\n  \&quot;value\&quot;: \&quot;screenshots\\\\test.spec.js\\\\login user -- should show error invalid password (failed).png\&quot;\n}&quot;,&quot;code&quot;:&quot;loginPage.fillUsername(_config.env.user.username);\nloginPage.fillPassword(_config.env.invalid_user.password);\nloginPage.submit();\nloginPage.errorMessageElement.should(&#x27;have.text&#x27;, &#x27;Wrong password&#x27;);\nloginPage.errorMessageElement.should(&#x27;have.css&#x27;, &#x27;color&#x27;, &#x27;rgb(169, 68, 66)&#x27;);\nloginPage.errorFormElement.should(&#x27;have.css&#x27;, &#x27;border-color&#x27;, &#x27;rgb(169, 68, 66)&#x27;);&quot;,&quot;err&quot;:{&quot;message&quot;:&quot;AssertionError: Timed out retrying after 4000ms: expected &#x27;&lt;span.help-block&gt;&#x27; to have text &#x27;Wrong password&#x27;, but the text was &#x27;No account found with that username.&#x27;&quot;,&quot;estack&quot;:&quot;AssertionError: Timed out retrying after 4000ms: expected &#x27;&lt;span.help-block&gt;&#x27; to have text &#x27;Wrong password&#x27;, but the text was &#x27;No account found with that username.&#x27;\n    at Context.eval (https://www.pecodesoftware.com/__cypress/tests?p=cypress\\integration\\test.spec.js:218:35)&quot;,&quot;diff&quot;:&quot;- &#x27;No account found with that username.&#x27;\n+ &#x27;Wrong password&#x27;\n&quot;},&quot;uuid&quot;:&quot;2f005183-2cc6-4640-bd13-8913f2390e8c&quot;,&quot;parentUUID&quot;:&quot;ffe2aba9-bef6-47cc-942c-a5b626dfb1a0&quot;,&quot;isHook&quot;:false,&quot;skipped&quot;:false},{&quot;title&quot;:&quot;should show error email is required field&quot;,&quot;fullTitle&quot;:&quot;login user should show error email is required field&quot;,&quot;timedOut&quot;:null,&quot;duration&quot;:1599,&quot;state&quot;:&quot;passed&quot;,&quot;speed&quot;:&quot;slow&quot;,&quot;pass&quot;:true,&quot;fail&quot;:false,&quot;pending&quot;:false,&quot;context&quot;:null,&quot;code&quot;:&quot;loginPage.fillPassword(_config.env.user.password);\nloginPage.submit();\nloginPage.errorMessageElement.should(&#x27;have.text&#x27;, \&quot;Please enter username.\&quot;);\nloginPage.errorMessageElement.should(&#x27;have.css&#x27;, &#x27;color&#x27;, &#x27;rgb(169, 68, 66)&#x27;);\nloginPage.errorFormElement.should(&#x27;have.css&#x27;, &#x27;border-color&#x27;, &#x27;rgb(169, 68, 66)&#x27;);&quot;,&quot;err&quot;:{},&quot;uuid&quot;:&quot;01a8680f-1a9d-4050-b3b0-4ecade700b86&quot;,&quot;parentUUID&quot;:&quot;ffe2aba9-bef6-47cc-942c-a5b626dfb1a0&quot;,&quot;isHook&quot;:false,&quot;skipped&quot;:false},{&quot;title&quot;:&quot;should show error password is required field&quot;,&quot;fullTitle&quot;:&quot;login user should show error password is required field&quot;,&quot;timedOut&quot;:null,&quot;duration&quot;:1601,&quot;state&quot;:&quot;passed&quot;,&quot;speed&quot;:&quot;slow&quot;,&quot;pass&quot;:true,&quot;fail&quot;:false,&quot;pending&quot;:false,&quot;context&quot;:null,&quot;code&quot;:&quot;loginPage.fillUsername(_config.env.user.username);\nloginPage.submit();\nloginPage.errorMessageElement.should(&#x27;have.text&#x27;, \&quot;Please enter your password.\&quot;);\nloginPage.errorMessageElement.should(&#x27;have.css&#x27;, &#x27;color&#x27;, &#x27;rgb(169, 68, 66)&#x27;);\nloginPage.errorFormElement.should(&#x27;have.css&#x27;, &#x27;border-color&#x27;, &#x27;rgb(169, 68, 66)&#x27;);&quot;,&quot;err&quot;:{},&quot;uuid&quot;:&quot;bf04e55e-2de8-4119-bec3-9fafd93a6dd0&quot;,&quot;parentUUID&quot;:&quot;ffe2aba9-bef6-47cc-942c-a5b626dfb1a0&quot;,&quot;isHook&quot;:false,&quot;skipped&quot;:false},{&quot;title&quot;:&quot;should show error email field is too long&quot;,&quot;fullTitle&quot;:&quot;login user should show error email field is too long&quot;,&quot;timedOut&quot;:null,&quot;duration&quot;:13877,&quot;state&quot;:&quot;failed&quot;,&quot;speed&quot;:null,&quot;pass&quot;:false,&quot;fail&quot;:true,&quot;pending&quot;:false,&quot;context&quot;:&quot;{\n  \&quot;title\&quot;: \&quot;Failed screenshot\&quot;,\n  \&quot;value\&quot;: \&quot;screenshots\\\\test.spec.js\\\\login user -- should show error email field is too long (failed).png\&quot;\n}&quot;,&quot;code&quot;:&quot;loginPage.fillUsername(&#x27;Lorem ipsum dolor sit amet, consectetuer adipiscing elit. Aenean commodo ligula eget dolor. Aenean massa. Cum sociis natoque penatibus et magnis dis parturient montes, nascetur ridiculus mus. Donec quam felis, ultricies nec, pellentesque eu, pretium quis,.&#x27;);\nloginPage.fillPassword(_config.env.user.password);\nloginPage.submit();\nloginPage.errorMessageElement.should(&#x27;have.text&#x27;, \&quot;Maximum length of username field is 255 symbols \&quot;);\nloginPage.errorMessageElement.should(&#x27;have.css&#x27;, &#x27;color&#x27;, &#x27;rgb(169, 68, 66)&#x27;);\nloginPage.errorFormElement.should(&#x27;have.css&#x27;, &#x27;border-color&#x27;, &#x27;rgb(169, 68, 66)&#x27;);&quot;,&quot;err&quot;:{&quot;message&quot;:&quot;AssertionError: Timed out retrying after 4000ms: expected &#x27;&lt;span.help-block&gt;&#x27; to have text &#x27;Maximum length of username field is 255 symbols &#x27;, but the text was &#x27;No account found with that username.&#x27;&quot;,&quot;estack&quot;:&quot;AssertionError: Timed out retrying after 4000ms: expected &#x27;&lt;span.help-block&gt;&#x27; to have text &#x27;Maximum length of username field is 255 symbols &#x27;, but the text was &#x27;No account found with that username.&#x27;\n    at Context.eval (https://www.pecodesoftware.com/__cypress/tests?p=cypress\\integration\\test.spec.js:240:35)&quot;,&quot;diff&quot;:&quot;- &#x27;No account found with that username.&#x27;\n+ &#x27;Maximum length of username field is 255 symbols &#x27;\n&quot;},&quot;uuid&quot;:&quot;f60bb8c2-53d9-405f-8e7f-baac233728db&quot;,&quot;parentUUID&quot;:&quot;ffe2aba9-bef6-47cc-942c-a5b626dfb1a0&quot;,&quot;isHook&quot;:false,&quot;skipped&quot;:false}],&quot;suites&quot;:[],&quot;passes&quot;:[&quot;e48181b9-8d8e-4a9a-b395-205ee50ab81c&quot;,&quot;86b04b99-cab4-4691-b801-6e0b801a2ec9&quot;,&quot;01a8680f-1a9d-4050-b3b0-4ecade700b86&quot;,&quot;bf04e55e-2de8-4119-bec3-9fafd93a6dd0&quot;],&quot;failures&quot;:[&quot;2f8f428c-8cf2-4a3f-82b6-25048b894229&quot;,&quot;60fa8595-d485-439e-975e-671a1b1ec289&quot;,&quot;2f005183-2cc6-4640-bd13-8913f2390e8c&quot;,&quot;f60bb8c2-53d9-405f-8e7f-baac233728db&quot;],&quot;pending&quot;:[],&quot;skipped&quot;:[],&quot;duration&quot;:60735,&quot;root&quot;:false,&quot;rootEmpty&quot;:false,&quot;_timeout&quot;:2000}],&quot;passes&quot;:[],&quot;failures&quot;:[],&quot;pending&quot;:[],&quot;skipped&quot;:[],&quot;duration&quot;:0,&quot;root&quot;:true,&quot;rootEmpty&quot;:true,&quot;_timeout&quot;:2000}],&quot;meta&quot;:{&quot;mocha&quot;:{&quot;version&quot;:&quot;7.0.1&quot;},&quot;mochawesome&quot;:{&quot;options&quot;:{&quot;quiet&quot;:false,&quot;reportFilename&quot;:&quot;mochawesome&quot;,&quot;saveHtml&quot;:false,&quot;saveJson&quot;:true,&quot;consoleReporter&quot;:&quot;spec&quot;,&quot;useInlineDiffs&quot;:false,&quot;code&quot;:true},&quot;version&quot;:&quot;6.2.1&quot;},&quot;marge&quot;:{&quot;options&quot;:{&quot;reportDir&quot;:&quot;cypress/results/json&quot;,&quot;overwrite&quot;:false,&quot;html&quot;:false,&quot;json&quot;:true},&quot;version&quot;:&quot;5.1.0&quot;}}}" data-config="{&quot;reportFilename&quot;:&quot;index.html&quot;,&quot;reportDir&quot;:&quot;C:\\Users\\Andrii\\Desktop\\Test Cypress\\web\\cypress\\reports\\html&quot;,&quot;reportTitle&quot;:&quot;web&quot;,&quot;reportPageTitle&quot;:&quot;Mochawesome Report&quot;,&quot;inline&quot;:false,&quot;inlineAssets&quot;:false,&quot;cdn&quot;:false,&quot;charts&quot;:false,&quot;enableCharts&quot;:false,&quot;code&quot;:true,&quot;enableCode&quot;:true,&quot;autoOpen&quot;:false,&quot;overwrite&quot;:true,&quot;timestamp&quot;:false,&quot;ts&quot;:false,&quot;showPassed&quot;:true,&quot;showFailed&quot;:true,&quot;showPending&quot;:true,&quot;showSkipped&quot;:false,&quot;showHooks&quot;:&quot;failed&quot;,&quot;saveJson&quot;:false,&quot;saveHtml&quot;:true,&quot;dev&quot;:false,&quot;assetsDir&quot;:&quot;C:\\Users\\Andrii\\Desktop\\Test Cypress\\web\\cypress\\reports\\html\\assets&quot;,&quot;htmlFile&quot;:&quot;C:\\Users\\Andrii\\Desktop\\Test Cypress\\web\\cypress\\reports\\html\\index.html&quot;}"><div id="report"></div><script src="assets\app.js"></script></body></html>